
> vtttools-webclientapp@1.0.0 type-check
> tsc --noEmit

src/components/encounter/drawing/WallDrawingTool.integration.test.tsx(330,39): error TS6133: 'index' is declared but its value is never read.
src/components/encounter/rendering/SourceRenderer.tsx(52,29): error TS7006: Parameter 'context' implicitly has an 'any' type.
src/features/content-library/pages/CampaignDetailPage.tsx(175,21): error TS2741: Property 'style' is missing in type '{ name: string; description: string; }' but required in type 'CreateAdventureRequest'.
src/hooks/useRegionTransaction.test.ts(60,23): error TS2741: Property 'encounterId' is missing in type '{ index: number; name: string; vertices: { x: number; y: number; }[]; type: string; value: number; label: string; color: string; }' but required in type 'EncounterRegion'.
src/hooks/useRegionTransaction.test.ts(223,23): error TS2741: Property 'encounterId' is missing in type '{ index: number; name: string; vertices: never[]; type: string; }' but required in type 'EncounterRegion'.
src/hooks/useRegionTransaction.test.ts(318,23): error TS2740: Type '{ id: string; name: string; description: string; regions: never[]; }' is missing the following properties from type 'Encounter': adventure, isPublished, light, weather, and 6 more.
src/hooks/useRegionTransaction.test.ts(357,23): error TS2741: Property 'encounterId' is missing in type '{ index: number; name: string; vertices: { x: number; y: number; }[]; type: string; value: number; }' but required in type 'EncounterRegion'.
src/hooks/useRegionTransaction.test.ts(375,23): error TS2740: Type '{ id: string; name: string; description: string; regions: EncounterRegion[]; }' is missing the following properties from type 'Encounter': adventure, isPublished, light, weather, and 6 more.
src/hooks/useRegionTransaction.test.ts(418,23): error TS2741: Property 'encounterId' is missing in type '{ index: number; name: string; vertices: { x: number; y: number; }[]; type: string; }' but required in type 'EncounterRegion'.
src/hooks/useRegionTransaction.test.ts(425,23): error TS2741: Property 'encounterId' is missing in type '{ index: number; name: string; vertices: { x: number; y: number; }[]; type: string; }' but required in type 'EncounterRegion'.
src/hooks/useRegionTransaction.test.ts(439,23): error TS2740: Type '{ id: string; name: string; description: string; regions: EncounterRegion[]; }' is missing the following properties from type 'Encounter': adventure, isPublished, light, weather, and 6 more.
src/hooks/useRegionTransaction.test.ts(480,23): error TS2741: Property 'encounterId' is missing in type '{ index: number; name: string; vertices: { x: number; y: number; }[]; type: string; }' but required in type 'EncounterRegion'.
src/hooks/useRegionTransaction.test.ts(490,23): error TS2740: Type '{ id: string; name: string; description: string; regions: EncounterRegion[]; }' is missing the following properties from type 'Encounter': adventure, isPublished, light, weather, and 6 more.
src/hooks/useRegionTransaction.test.ts(498,21): error TS2322: Type 'number' is not assignable to type 'CellSize'.
src/hooks/useRegionTransaction.test.ts(706,23): error TS2741: Property 'encounterId' is missing in type '{ index: number; name: string; vertices: { x: number; y: number; }[]; type: string; }' but required in type 'EncounterRegion'.
src/hooks/useRegionTransaction.ts(356,17): error TS2375: Type '{ success: false; error: string | undefined; }' is not assignable to type 'CommitResult' with 'exactOptionalPropertyTypes: true'. Consider adding 'undefined' to the types of the target's properties.
  Types of property 'error' are incompatible.
    Type 'string | undefined' is not assignable to type 'string'.
      Type 'undefined' is not assignable to type 'string'.
src/pages/EncounterEditor/hooks/__integration__/regionWorkflows.integration.test.ts(59,13): error TS2322: Type 'number' is not assignable to type 'CellSize'.
src/pages/EncounterEditor/hooks/__integration__/regionWorkflows.integration.test.ts(347,19): error TS6133: '_existingRegion1' is declared but its value is never read.
src/pages/EncounterEditor/hooks/__integration__/regionWorkflows.integration.test.ts(368,60): error TS2345: Argument of type '"edit"' is not assignable to parameter of type 'TransactionType'.
src/pages/EncounterEditor/hooks/useAssetManagement.integration.test.ts(48,13): error TS2353: Object literal may only specify known properties, and 'imageUrl' does not exist in type 'Asset'.
src/pages/EncounterEditor/hooks/useAssetManagement.integration.test.ts(54,9): error TS2740: Type '{ id: string; index: number; assetId: string; name: string; position: { x: number; y: number; }; size: { width: number; height: number; }; rotation: number; asset: Asset; }' is missing the following properties from type 'PlacedAsset': layer, number, visible, locked, and 2 more.
src/pages/EncounterEditor/hooks/useAssetManagement.integration.test.ts(73,13): error TS2353: Object literal may only specify known properties, and 'effects' does not exist in type 'Encounter'.
src/pages/EncounterEditor/hooks/useAssetManagement.ts(653,13): error TS2322: Type '(id: string, name: string) => void' is not assignable to type '(assetId: string, name: string) => Promise<void>'.
  Type 'void' is not assignable to type 'Promise<void>'.
src/pages/EncounterEditor/hooks/useAssetManagement.ts(681,27): error TS2353: Object literal may only specify known properties, and 'width' does not exist in type '{ displayName?: DisplayName; labelPosition?: LabelPosition; }'.
src/pages/EncounterEditor/hooks/useAssetManagement.ts(683,17): error TS2353: Object literal may only specify known properties, and 'width' does not exist in type '{ displayName?: DisplayName; labelPosition?: LabelPosition; }'.
src/pages/EncounterEditor/hooks/useAssetManagement.ts(687,13): error TS2322: Type '(id: string, display: DisplayName | undefined) => void' is not assignable to type '(assetId: string, displayName?: DisplayName | undefined, labelPosition?: LabelPosition | undefined) => Promise<void>'.
  Type 'void' is not assignable to type 'Promise<void>'.
src/pages/EncounterEditor/hooks/useAssetManagement.ts(692,44): error TS18048: 'display' is possibly 'undefined'.
src/pages/EncounterEditor/hooks/useAssetManagement.ts(692,52): error TS2339: Property 'width' does not exist on type 'DisplayName'.
src/pages/EncounterEditor/hooks/useAssetManagement.ts(692,67): error TS18048: 'display' is possibly 'undefined'.
src/pages/EncounterEditor/hooks/useAssetManagement.ts(692,75): error TS2339: Property 'height' does not exist on type 'DisplayName'.
src/pages/EncounterEditor/hooks/useAssetManagement.ts(693,39): error TS18048: 'display' is possibly 'undefined'.
src/pages/EncounterEditor/hooks/useAssetManagement.ts(693,47): error TS2339: Property 'rotation' does not exist on type 'DisplayName'.
src/pages/EncounterEditor/hooks/useAssetManagement.ts(703,40): error TS2379: Argument of type '{ encounterId: string; assetNumber: number; size: { width: number; height: number; }; rotation: number | undefined; }' is not assignable to parameter of type '{ encounterId: string; assetNumber: number; position?: { x: number; y: number; }; size?: { width: number; height: number; }; rotation?: number; name?: string; tokenId?: string; portraitId?: string; notes?: string; visible?: boolean; locked?: boolean; }' with 'exactOptionalPropertyTypes: true'. Consider adding 'undefined' to the types of the target's properties.
  Types of property 'rotation' are incompatible.
    Type 'number | undefined' is not assignable to type 'number'.
      Type 'undefined' is not assignable to type 'number'.
src/pages/EncounterEditor/hooks/useKeyboardState.ts(2,15): error TS2305: Module '"@/types/domain"' has no exported member 'GridConfig'.
src/pages/EncounterEditor/hooks/useMergeRegions.test.ts(43,9): error TS2741: Property 'encounterId' is missing in type '{ index: number; name: string; vertices: { x: number; y: number; }[]; type: string; value: number; color: string; }' but required in type 'EncounterRegion'.
src/pages/EncounterEditor/hooks/useMergeRegions.test.ts(52,9): error TS2741: Property 'encounterId' is missing in type '{ index: number; name: string; vertices: { x: number; y: number; }[]; type: string; value: number; color: string; }' but required in type 'EncounterRegion'.
src/pages/EncounterEditor/hooks/useMergeRegions.test.ts(67,13): error TS2353: Object literal may only specify known properties, and 'structures' does not exist in type 'Encounter'.
src/pages/EncounterEditor/hooks/useMergeRegions.test.ts(168,19): error TS2741: Property 'encounterId' is missing in type '{ index: number; name: string; vertices: { x: number; y: number; }[]; type: string; value: number; }' but required in type 'EncounterRegion'.
src/pages/EncounterEditor/hooks/useMergeRegions.test.ts(620,19): error TS2741: Property 'encounterId' is missing in type '{ index: number; name: string; vertices: { x: number; y: number; }[]; type: string; }' but required in type 'EncounterRegion'.
src/pages/EncounterEditor/hooks/useMergeRegions.test.ts(812,19): error TS2741: Property 'encounterId' is missing in type '{ index: number; name: string; vertices: { x: number; y: number; }[]; type: string; }' but required in type 'EncounterRegion'.
src/pages/EncounterEditor/hooks/useMergeRegions.test.ts(1167,19): error TS2741: Property 'encounterId' is missing in type '{ index: number; name: string; vertices: { x: number; y: number; }[]; type: string; }' but required in type 'EncounterRegion'.
src/pages/EncounterEditor/hooks/useRegionHandlers.ts(142,13): error TS2345: Argument of type 'Encounter | null' is not assignable to parameter of type 'Encounter | undefined'.
  Type 'null' is not assignable to type 'Encounter | undefined'.
src/pages/EncounterEditor/hooks/useRegionHandlers.ts(262,17): error TS2345: Argument of type 'Encounter | null' is not assignable to parameter of type 'Encounter | undefined'.
  Type 'null' is not assignable to type 'Encounter | undefined'.
src/pages/EncounterEditor/hooks/useRegionHandlers.ts(372,19): error TS2741: Property 'encounterId' is missing in type '{ color: string; label?: string; value?: number; index: number; name: string; vertices: never[]; type: string; }' but required in type 'EncounterRegion'.
src/pages/EncounterEditor/hooks/useWallHandlers.ts(276,25): error TS2353: Object literal may only specify known properties, and 'onMerge' does not exist in type 'BreakWallCommandParams'.
src/pages/EncounterEditor/hooks/useWallHandlers.ts(276,41): error TS7006: Parameter 'encounterId' implicitly has an 'any' type.
src/pages/EncounterEditor/hooks/useWallHandlers.ts(276,54): error TS7006: Parameter 'wallData' implicitly has an 'any' type.
src/pages/EncounterEditor/hooks/useWallHandlers.ts(285,41): error TS7006: Parameter 'encounterId' implicitly has an 'any' type.
src/pages/EncounterEditor/hooks/useWallHandlers.ts(285,54): error TS7006: Parameter 'wallIndex' implicitly has an 'any' type.
src/pages/EncounterEditor/hooks/useWallHandlers.ts(285,65): error TS7006: Parameter 'segment1Data' implicitly has an 'any' type.
src/pages/EncounterEditor/hooks/useWallHandlers.ts(285,79): error TS7006: Parameter 'segment2Data' implicitly has an 'any' type.
src/pages/EncounterEditor/hooks/useWallHandlers.ts(307,87): error TS2532: Object is possibly 'undefined'.
src/pages/EncounterEditor/hooks/useWallHandlers.ts(349,29): error TS2554: Expected 16 arguments, but got 2.
src/pages/EncounterEditor/hooks/useWallHandlers.ts(351,14): error TS7006: Parameter 'segments' implicitly has an 'any' type.
src/pages/EncounterEditor/hooks/useWallHandlers.ts(352,33): error TS2551: Property 'updateSegments' does not exist on type '{ transaction: WallTransaction; startTransaction: (type: TransactionType, wall?: EncounterWall | undefined, placementProperties?: { name?: string; visibility?: WallVisibility; isClosed?: boolean; material?: string | undefined; color?: string | undefined; } | undefined) => void; ... 10 more ...; canRedoLocal: () => b...'. Did you mean 'updateSegment'?
src/pages/EncounterEditor/hooks/useWallHandlers.ts(421,17): error TS2322: Type 'Point[]' is not assignable to type 'Pole[]'.
  Property 'h' is missing in type 'Point' but required in type 'Pole'.
src/pages/EncounterEditorPage.tsx(283,9): error TS2322: Type 'DrawingMode' is not assignable to type '"region" | "wall" | null'.
  Type '"source"' is not assignable to type '"region" | "wall" | null'.
src/pages/EncounterEditorPage.tsx(298,9): error TS2322: Type '() => QueryActionCreatorResult<QueryDefinition<string, BaseQueryFn<string | FetchArgs, unknown, EnhancedError>, "Encounter" | "EncounterAsset" | "EncounterWall" | "EncounterRegion" | "EncounterSource", Encounter, "encounterApi", unknown>>' is not assignable to type '() => Promise<{ data?: Encounter; }>'.
  Call signature return types 'QueryActionCreatorResult<QueryDefinition<string, BaseQueryFn<string | FetchArgs, unknown, EnhancedError>, "Encounter" | "EncounterAsset" | "EncounterWall" | "EncounterRegion" | "EncounterSource", Encounter, "encounterApi", unknown>>' and 'Promise<{ data?: Encounter; }>' are incompatible.
    The types of 'then' are incompatible between these types.
      Type '<TResult1 = ({ status: QueryStatus.uninitialized; originalArgs?: undefined; data?: undefined; error?: undefined; requestId?: undefined; endpointName?: string; startedTimeStamp?: undefined; fulfilledTimeStamp?: undefined; } & { ...; }) | ({ ...; } & { ...; }) | ({ ...; } & { ...; }) | ({ ...; } & { ...; }), TResult2 ...' is not assignable to type '<TResult1 = { data?: Encounter; }, TResult2 = never>(onfulfilled?: ((value: { data?: Encounter; }) => TResult1 | PromiseLike<TResult1>) | null | undefined, onrejected?: ((reason: any) => TResult2 | PromiseLike<...>) | ... 1 more ... | undefined) => Promise<...>'.
        Types of parameters 'onfulfilled' and 'onfulfilled' are incompatible.
          Types of parameters 'value' and 'value' are incompatible.
            Type '({ status: QueryStatus.uninitialized; originalArgs?: undefined; data?: undefined; error?: undefined; requestId?: undefined; endpointName?: string; startedTimeStamp?: undefined; fulfilledTimeStamp?: undefined; } & { ...; }) | ({ ...; } & { ...; }) | ({ ...; } & { ...; }) | ({ ...; } & { ...; })' is not assignable to type '{ data?: Encounter; }' with 'exactOptionalPropertyTypes: true'. Consider adding 'undefined' to the types of the target's properties.
              Type '{ status: QueryStatus.uninitialized; originalArgs?: undefined; data?: undefined; error?: undefined; requestId?: undefined; endpointName?: string; startedTimeStamp?: undefined; fulfilledTimeStamp?: undefined; } & { ...; }' is not assignable to type '{ data?: Encounter; }' with 'exactOptionalPropertyTypes: true'. Consider adding 'undefined' to the types of the target's properties.
                Types of property 'data' are incompatible.
                  Type 'undefined' is not assignable to type 'Encounter'.
src/pages/EncounterEditorPage.tsx(309,9): error TS2322: Type 'DrawingMode' is not assignable to type '"region" | "wall" | null'.
  Type '"source"' is not assignable to type '"region" | "wall" | null'.
src/pages/EncounterEditorPage.tsx(325,9): error TS2322: Type '() => QueryActionCreatorResult<QueryDefinition<string, BaseQueryFn<string | FetchArgs, unknown, EnhancedError>, "Encounter" | "EncounterAsset" | "EncounterWall" | "EncounterRegion" | "EncounterSource", Encounter, "encounterApi", unknown>>' is not assignable to type '() => Promise<{ data?: Encounter; }>'.
  Call signature return types 'QueryActionCreatorResult<QueryDefinition<string, BaseQueryFn<string | FetchArgs, unknown, EnhancedError>, "Encounter" | "EncounterAsset" | "EncounterWall" | "EncounterRegion" | "EncounterSource", Encounter, "encounterApi", unknown>>' and 'Promise<{ data?: Encounter; }>' are incompatible.
    The types of 'then' are incompatible between these types.
      Type '<TResult1 = ({ status: QueryStatus.uninitialized; originalArgs?: undefined; data?: undefined; error?: undefined; requestId?: undefined; endpointName?: string; startedTimeStamp?: undefined; fulfilledTimeStamp?: undefined; } & { ...; }) | ({ ...; } & { ...; }) | ({ ...; } & { ...; }) | ({ ...; } & { ...; }), TResult2 ...' is not assignable to type '<TResult1 = { data?: Encounter; }, TResult2 = never>(onfulfilled?: ((value: { data?: Encounter; }) => TResult1 | PromiseLike<TResult1>) | null | undefined, onrejected?: ((reason: any) => TResult2 | PromiseLike<...>) | ... 1 more ... | undefined) => Promise<...>'.
        Types of parameters 'onfulfilled' and 'onfulfilled' are incompatible.
          Types of parameters 'value' and 'value' are incompatible.
            Type '({ status: QueryStatus.uninitialized; originalArgs?: undefined; data?: undefined; error?: undefined; requestId?: undefined; endpointName?: string; startedTimeStamp?: undefined; fulfilledTimeStamp?: undefined; } & { ...; }) | ({ ...; } & { ...; }) | ({ ...; } & { ...; }) | ({ ...; } & { ...; })' is not assignable to type '{ data?: Encounter; }' with 'exactOptionalPropertyTypes: true'. Consider adding 'undefined' to the types of the target's properties.
              Type '{ status: QueryStatus.uninitialized; originalArgs?: undefined; data?: undefined; error?: undefined; requestId?: undefined; endpointName?: string; startedTimeStamp?: undefined; fulfilledTimeStamp?: undefined; } & { ...; }' is not assignable to type '{ data?: Encounter; }' with 'exactOptionalPropertyTypes: true'. Consider adding 'undefined' to the types of the target's properties.
                Types of property 'data' are incompatible.
                  Type 'undefined' is not assignable to type 'Encounter'.
src/pages/EncounterEditorPage.tsx(350,9): error TS2322: Type 'RefObject<EncounterCanvasHandle | null>' is not assignable to type 'RefObject<EncounterCanvasHandle>'.
  Type 'EncounterCanvasHandle | null' is not assignable to type 'EncounterCanvasHandle'.
    Type 'null' is not assignable to type 'EncounterCanvasHandle'.
src/pages/EncounterEditorPage.tsx(370,9): error TS2322: Type 'ClipboardState' is not assignable to type '{ operation?: "copy" | "cut"; }'.
  Types of property 'operation' are incompatible.
    Type '"copy" | "cut" | null' is not assignable to type '"copy" | "cut"'.
      Type 'null' is not assignable to type '"copy" | "cut"'.
src/pages/EncounterEditorPage.tsx(378,9): error TS2322: Type '() => QueryActionCreatorResult<QueryDefinition<string, BaseQueryFn<string | FetchArgs, unknown, EnhancedError>, "Encounter" | "EncounterAsset" | "EncounterWall" | "EncounterRegion" | "EncounterSource", Encounter, "encounterApi", unknown>>' is not assignable to type '() => Promise<{ data?: Encounter; }>'.
  Call signature return types 'QueryActionCreatorResult<QueryDefinition<string, BaseQueryFn<string | FetchArgs, unknown, EnhancedError>, "Encounter" | "EncounterAsset" | "EncounterWall" | "EncounterRegion" | "EncounterSource", Encounter, "encounterApi", unknown>>' and 'Promise<{ data?: Encounter; }>' are incompatible.
    The types of 'then' are incompatible between these types.
      Type '<TResult1 = ({ status: QueryStatus.uninitialized; originalArgs?: undefined; data?: undefined; error?: undefined; requestId?: undefined; endpointName?: string; startedTimeStamp?: undefined; fulfilledTimeStamp?: undefined; } & { ...; }) | ({ ...; } & { ...; }) | ({ ...; } & { ...; }) | ({ ...; } & { ...; }), TResult2 ...' is not assignable to type '<TResult1 = { data?: Encounter; }, TResult2 = never>(onfulfilled?: ((value: { data?: Encounter; }) => TResult1 | PromiseLike<TResult1>) | null | undefined, onrejected?: ((reason: any) => TResult2 | PromiseLike<...>) | ... 1 more ... | undefined) => Promise<...>'.
        Types of parameters 'onfulfilled' and 'onfulfilled' are incompatible.
          Types of parameters 'value' and 'value' are incompatible.
            Type '({ status: QueryStatus.uninitialized; originalArgs?: undefined; data?: undefined; error?: undefined; requestId?: undefined; endpointName?: string; startedTimeStamp?: undefined; fulfilledTimeStamp?: undefined; } & { ...; }) | ({ ...; } & { ...; }) | ({ ...; } & { ...; }) | ({ ...; } & { ...; })' is not assignable to type '{ data?: Encounter; }' with 'exactOptionalPropertyTypes: true'. Consider adding 'undefined' to the types of the target's properties.
              Type '{ status: QueryStatus.uninitialized; originalArgs?: undefined; data?: undefined; error?: undefined; requestId?: undefined; endpointName?: string; startedTimeStamp?: undefined; fulfilledTimeStamp?: undefined; } & { ...; }' is not assignable to type '{ data?: Encounter; }' with 'exactOptionalPropertyTypes: true'. Consider adding 'undefined' to the types of the target's properties.
                Types of property 'data' are incompatible.
                  Type 'undefined' is not assignable to type 'Encounter'.
src/pages/EncounterEditorPage.tsx(786,17): error TS2353: Object literal may only specify known properties, and 'assetId' does not exist in type '{ encounterId: string; assetNumber: number; position?: { x: number; y: number; }; size?: { width: number; height: number; }; rotation?: number; name?: string; tokenId?: string; portraitId?: string; notes?: string; visible?: boolean; locked?: boolean; }'.
src/pages/EncounterEditorPage.tsx(1171,29): error TS2322: Type '(asset: PlacedAsset, position: { x: number; y: number; }) => void' is not assignable to type '(assetId: string, position: { x: number; y: number; }) => void'.
  Types of parameters 'asset' and 'assetId' are incompatible.
    Type 'string' is not assignable to type 'PlacedAsset'.
src/pages/EncounterEditorPage.tsx(1299,13): error TS2322: Type '(assetId: string, updates: { width?: number; height?: number; rotation?: number; }) => Promise<void>' is not assignable to type '(assetId: string, displayName?: DisplayName | undefined, labelPosition?: LabelPosition | undefined) => Promise<void>'.
  Types of parameters 'updates' and 'displayName' are incompatible.
    Type 'import("C:/Projects/Personal/VTTTools/Source/WebClientApp/src/types/domain").DisplayName | undefined' is not assignable to type '{ width?: number; height?: number; rotation?: number; }'.
      Type 'undefined' is not assignable to type '{ width?: number; height?: number; rotation?: number; }'.
src/utils/encounterStateUtils.test.ts(122,14): error TS2532: Object is possibly 'undefined'.
src/utils/encounterStateUtils.test.ts(141,14): error TS2532: Object is possibly 'undefined'.
src/utils/encounterStateUtils.test.ts(142,14): error TS2532: Object is possibly 'undefined'.
src/utils/encounterStateUtils.test.ts(151,14): error TS2532: Object is possibly 'undefined'.
src/utils/encounterStateUtils.test.ts(152,14): error TS2532: Object is possibly 'undefined'.
src/utils/encounterStateUtils.test.ts(199,14): error TS2532: Object is possibly 'undefined'.
src/utils/encounterStateUtils.test.ts(209,14): error TS2532: Object is possibly 'undefined'.
src/utils/encounterStateUtils.test.ts(224,14): error TS2532: Object is possibly 'undefined'.
src/utils/encounterStateUtils.test.ts(225,14): error TS2532: Object is possibly 'undefined'.
src/utils/encounterStateUtils.test.ts(226,14): error TS2532: Object is possibly 'undefined'.
src/utils/encounterStateUtils.test.ts(236,14): error TS2532: Object is possibly 'undefined'.
src/utils/encounterStateUtils.test.ts(246,14): error TS2532: Object is possibly 'undefined'.
src/utils/encounterStateUtils.test.ts(259,14): error TS2532: Object is possibly 'undefined'.
src/utils/encounterStateUtils.test.ts(327,14): error TS2532: Object is possibly 'undefined'.
src/utils/encounterStateUtils.test.ts(328,14): error TS2532: Object is possibly 'undefined'.
src/utils/encounterStateUtils.test.ts(375,14): error TS2532: Object is possibly 'undefined'.
src/utils/encounterStateUtils.test.ts(394,14): error TS2532: Object is possibly 'undefined'.
src/utils/encounterStateUtils.test.ts(395,14): error TS2532: Object is possibly 'undefined'.
src/utils/encounterStateUtils.test.ts(404,14): error TS2532: Object is possibly 'undefined'.
src/utils/encounterStateUtils.test.ts(405,14): error TS2532: Object is possibly 'undefined'.
src/utils/encounterStateUtils.test.ts(406,14): error TS2532: Object is possibly 'undefined'.
src/utils/encounterStateUtils.test.ts(453,14): error TS2532: Object is possibly 'undefined'.
src/utils/encounterStateUtils.test.ts(463,14): error TS2532: Object is possibly 'undefined'.
src/utils/encounterStateUtils.test.ts(478,14): error TS2532: Object is possibly 'undefined'.
src/utils/encounterStateUtils.test.ts(479,14): error TS2532: Object is possibly 'undefined'.
src/utils/encounterStateUtils.test.ts(480,14): error TS2532: Object is possibly 'undefined'.
src/utils/encounterStateUtils.test.ts(490,14): error TS2532: Object is possibly 'undefined'.
src/utils/encounterStateUtils.test.ts(500,14): error TS2532: Object is possibly 'undefined'.
src/utils/encounterStateUtils.test.ts(520,14): error TS2532: Object is possibly 'undefined'.
src/utils/encounterStateUtils.test.ts(548,14): error TS2532: Object is possibly 'undefined'.
src/utils/encounterStateUtils.test.ts(583,14): error TS2532: Object is possibly 'undefined'.
src/utils/encounterStateUtils.test.ts(584,14): error TS2532: Object is possibly 'undefined'.
src/utils/encounterStateUtils.test.ts(585,14): error TS2532: Object is possibly 'undefined'.
src/utils/encounterStateUtils.test.ts(586,14): error TS2532: Object is possibly 'undefined'.
src/utils/encounterStateUtils.test.ts(636,66): error TS2379: Argument of type '{ excludeRegionIndex: undefined; }' is not assignable to parameter of type '{ excludeRegionIndex?: number; }' with 'exactOptionalPropertyTypes: true'. Consider adding 'undefined' to the types of the target's properties.
  Types of property 'excludeRegionIndex' are incompatible.
    Type 'undefined' is not assignable to type 'number'.
src/utils/encounterStateUtils.test.ts(650,14): error TS2532: Object is possibly 'undefined'.
src/utils/encounterStateUtils.test.ts(665,14): error TS2532: Object is possibly 'undefined'.
src/utils/encounterStateUtils.test.ts(666,14): error TS2532: Object is possibly 'undefined'.
src/utils/regionMergeUtils.test.ts(86,29): error TS2379: Argument of type '{ value: undefined; encounterId: string; index: number; name: string; type: string; vertices: Point[]; label?: string; color?: string; }' is not assignable to parameter of type 'EncounterRegion' with 'exactOptionalPropertyTypes: true'. Consider adding 'undefined' to the types of the target's properties.
  Types of property 'value' are incompatible.
    Type 'undefined' is not assignable to type 'number'.
src/utils/regionMergeUtils.test.ts(92,29): error TS2379: Argument of type '{ label: undefined; encounterId: string; index: number; name: string; type: string; vertices: Point[]; value?: number; color?: string; }' is not assignable to parameter of type 'EncounterRegion' with 'exactOptionalPropertyTypes: true'. Consider adding 'undefined' to the types of the target's properties.
  Types of property 'label' are incompatible.
    Type 'undefined' is not assignable to type 'string'.
src/utils/regionMergeUtils.test.ts(98,33): error TS2379: Argument of type '{ value: undefined; encounterId: string; index: number; name: string; type: string; vertices: Point[]; label?: string; color?: string; }' is not assignable to parameter of type 'EncounterRegion' with 'exactOptionalPropertyTypes: true'. Consider adding 'undefined' to the types of the target's properties.
  Types of property 'value' are incompatible.
    Type 'undefined' is not assignable to type 'number'.
src/utils/regionMergeUtils.test.ts(330,28): error TS2375: Type '{ encounterId: string; index: number; name: string; type: string; vertices: Point[]; value: number | undefined; label: string | undefined; }' is not assignable to type 'EncounterRegion' with 'exactOptionalPropertyTypes: true'. Consider adding 'undefined' to the types of the target's properties.
  Types of property 'value' are incompatible.
    Type 'number | undefined' is not assignable to type 'number'.
      Type 'undefined' is not assignable to type 'number'.
src/utils/wallCollisionUtils.test.ts(255,16): error TS2532: Object is possibly 'undefined'.
src/utils/wallCollisionUtils.test.ts(256,16): error TS2532: Object is possibly 'undefined'.
src/utils/wallCollisionUtils.test.ts(257,16): error TS2532: Object is possibly 'undefined'.
src/utils/wallCollisionUtils.test.ts(258,16): error TS2532: Object is possibly 'undefined'.
src/utils/wallCollisionUtils.test.ts(280,16): error TS2532: Object is possibly 'undefined'.
src/utils/wallCollisionUtils.test.ts(340,16): error TS2532: Object is possibly 'undefined'.
src/utils/wallCollisionUtils.test.ts(362,16): error TS2532: Object is possibly 'undefined'.
src/utils/wallCollisionUtils.test.ts(363,16): error TS2532: Object is possibly 'undefined'.
src/utils/wallCollisionUtils.test.ts(364,16): error TS2532: Object is possibly 'undefined'.
src/utils/wallCollisionUtils.test.ts(365,16): error TS2532: Object is possibly 'undefined'.
src/utils/wallCollisionUtils.test.ts(366,16): error TS2532: Object is possibly 'undefined'.
src/utils/wallCollisionUtils.test.ts(475,16): error TS2532: Object is possibly 'undefined'.
src/utils/wallCollisionUtils.test.ts(476,16): error TS2532: Object is possibly 'undefined'.
src/utils/wallCollisionUtils.test.ts(477,16): error TS2532: Object is possibly 'undefined'.
src/utils/wallCollisionUtils.test.ts(478,16): error TS2532: Object is possibly 'undefined'.
src/utils/wallCollisionUtils.test.ts(479,16): error TS2532: Object is possibly 'undefined'.
src/utils/wallCollisionUtils.test.ts(480,16): error TS2532: Object is possibly 'undefined'.
src/utils/wallCollisionUtils.test.ts(515,16): error TS2532: Object is possibly 'undefined'.
src/utils/wallCollisionUtils.test.ts(577,16): error TS2532: Object is possibly 'undefined'.
src/utils/wallCollisionUtils.test.ts(578,16): error TS2532: Object is possibly 'undefined'.
src/utils/wallCollisionUtils.test.ts(579,16): error TS2532: Object is possibly 'undefined'.
src/utils/wallMergeUtils.test.ts(329,20): error TS2532: Object is possibly 'undefined'.
src/utils/wallMergeUtils.ts(73,9): error TS2353: Object literal may only specify known properties, and 'cellWidth' does not exist in type 'GridConfig'.
src/utils/wallMergeUtils.ts(132,32): error TS2532: Object is possibly 'undefined'.
src/utils/wallMergeUtils.ts(133,31): error TS2532: Object is possibly 'undefined'.
src/utils/wallMergeUtils.ts(136,36): error TS2532: Object is possibly 'undefined'.
src/utils/wallMergeUtils.ts(137,35): error TS2532: Object is possibly 'undefined'.
src/utils/wallMergeUtils.ts(230,13): error TS18048: 'targetMerge' is possibly 'undefined'.
src/utils/wallMergeUtils.ts(253,13): error TS18048: 'mergePoint' is possibly 'undefined'.
